<?xml version="1.0" encoding="UTF-8"?>
<testsuite xmlns:xsi="http://www.w3.org/2001/XMLSchema-instance" xsi:noNamespaceSchemaLocation="https://maven.apache.org/surefire/maven-surefire-plugin/xsd/surefire-test-report-3.0.xsd" version="3.0" name="com.devops.project.AppTest" time="17.2" tests="5" errors="0" skipped="0" failures="0">
  <properties>
[...]
</properties>
  <testcase name="simulateComplexCalculationTest" classname="com.devops.project.AppTest" time="4.632"/>
  <testcase name="simulateExternalApiCallTest" classname="com.devops.project.AppTest" time="3.502"/>
  <testcase name="shouldAnswerWithTrue" classname="com.devops.project.AppTest" time="0.002"/>
  <testcase name="simulateLargeDataProcessingTest" classname="com.devops.project.AppTest" time="5.002"/>
  <testcase name="simulateDatabaseConnectionTest" classname="com.devops.project.AppTest" time="4.004"/>
</testsuite>